Now using node v25.1.0 (npm v11.6.2)
npm warn Unknown user config "//registry". This will stop working in the next major version of npm.
npm warn Unknown user config "always-auth". This will stop working in the next major version of npm.
npm warn Unknown user config "email". This will stop working in the next major version of npm.

> web-app@4.0.1 dev
> next dev

⚠ Warning: Next.js inferred your workspace root, but it may not be correct.
 We detected multiple lockfiles and selected the directory of /Users/mmt10298/package-lock.json as the root directory.
 To silence this warning, set `turbopack.root` in your Next.js config, or consider removing one of the lockfiles if it's not needed.
   See https://nextjs.org/docs/app/api-reference/config/next-config-js/turbopack#root-directory for more information.
 Detected additional lockfiles: 
   * /Users/mmt10298/Documents/GitHub/DockerManager/web-app/package-lock.json
   * /Users/mmt10298/Documents/GitHub/DockerManager/package-lock.json

▲ Next.js 16.1.1 (Turbopack)
- Local:         http://localhost:3000
- Network:       http://172.16.127.6:3000

✓ Starting...
✓ Ready in 1110ms
 GET / 404 in 1209ms (compile: 1104ms, render: 105ms)
 GET / 200 in 2.3s (compile: 2.1s, render: 151ms)
 GET /?screen=Settings 200 in 49ms (compile: 7ms, render: 42ms)
 GET /?screen=Proxy 200 in 52ms (compile: 17ms, render: 34ms)
 GET /?screen=Docker 200 in 28ms (compile: 5ms, render: 22ms)
 GET /?screen=Docker&tab=Compose 200 in 17ms (compile: 3ms, render: 14ms)
 GET /?screen=Docker&tab=Containers 200 in 35ms (compile: 12ms, render: 23ms)
 GET /?screen=Docker&tab=Compose 200 in 14ms (compile: 3ms, render: 11ms)
 GET /?screen=Docker&tab=Images 200 in 29ms (compile: 8ms, render: 21ms)
 GET /?screen=Docker&tab=Compose 200 in 36ms (compile: 10ms, render: 26ms)
 GET /?screen=Docker&tab=Containers 200 in 17ms (compile: 3ms, render: 14ms)
 GET /?screen=Settings&tab=Containers 200 in 58ms (compile: 22ms, render: 36ms)
 GET /?screen=Docker&tab=Containers 200 in 50ms (compile: 27ms, render: 24ms)
 GET /?screen=Docker&tab=Compose 200 in 26ms (compile: 9ms, render: 17ms)
✓ Compiled in 804ms
✓ Compiled in 94ms
✓ Compiled in 238ms
✓ Compiled in 415ms
